Using pre-set license
Built from '2020.3/staging' branch; Version is '2020.3.14f1 (d0d1bb862f9d) revision 13685179'; Using compiler version '192528614'; Build Type 'Release'
OS: 'Windows 10 Pro; OS build 19042.1083; Version 2009; 64bit' Language: 'ko' Physical Memory: 16292 MB
BatchMode: 1, IsHumanControllingUs: 0, StartBugReporterOnCrash: 0, Is64bit: 1, IsPro: 0

 COMMAND LINE ARGUMENTS:
C:\Program Files\Unity\Hub\Editor\2020.3.14f1\Editor\Unity.exe
-adb2
-batchMode
-noUpm
-name
AssetImportWorker0
-projectPath
C:/Users/LambFerret/Unity2
-logFile
Logs/AssetImportWorker0.log
-srvPort
58644
Successfully changed project path to: C:/Users/LambFerret/Unity2
C:/Users/LambFerret/Unity2
Using Asset Import Pipeline V2.
Refreshing native plugins compatible for Editor in 24.46 ms, found 2 plugins.
Preloading 0 native plugins for Editor in 0.00 ms.
Initialize engine version: 2020.3.14f1 (d0d1bb862f9d)
[Subsystems] Discovering subsystems at path C:/Program Files/Unity/Hub/Editor/2020.3.14f1/Editor/Data/Resources/UnitySubsystems
[Subsystems] Discovering subsystems at path C:/Users/LambFerret/Unity2/Assets
GfxDevice: creating device client; threaded=0
Direct3D:
    Version:  Direct3D 11.0 [level 11.1]
    Renderer: NVIDIA GeForce GTX 970 (ID=0x13c2)
    Vendor:   
    VRAM:     4043 MB
    Driver:   27.21.14.5671
Initialize mono
Mono path[0] = 'C:/Program Files/Unity/Hub/Editor/2020.3.14f1/Editor/Data/Managed'
Mono path[1] = 'C:/Program Files/Unity/Hub/Editor/2020.3.14f1/Editor/Data/MonoBleedingEdge/lib/mono/unityjit'
Mono config path = 'C:/Program Files/Unity/Hub/Editor/2020.3.14f1/Editor/Data/MonoBleedingEdge/etc'
Using monoOptions --debugger-agent=transport=dt_socket,embedding=1,server=y,suspend=n,address=127.0.0.1:56768
Begin MonoManager ReloadAssembly
Registering precompiled unity dll's ...
Register platform support module: C:/Program Files/Unity/Hub/Editor/2020.3.14f1/Editor/Data/PlaybackEngines/WebGLSupport/UnityEditor.WebGL.Extensions.dll
Register platform support module: C:/Program Files/Unity/Hub/Editor/2020.3.14f1/Editor/Data/PlaybackEngines/WindowsStandaloneSupport/UnityEditor.WindowsStandalone.Extensions.dll
Registered in 0.001795 seconds.
Native extension for WindowsStandalone target not found
Native extension for WebGL target not found
Refreshing native plugins compatible for Editor in 29.47 ms, found 2 plugins.
Preloading 0 native plugins for Editor in 0.00 ms.
Mono: successfully reloaded assembly
- Completed reload, in  1.025 seconds
Domain Reload Profiling:
	ReloadAssembly (1025ms)
		BeginReloadAssembly (43ms)
			ExecutionOrderSort (0ms)
			DisableScriptedObjects (0ms)
			BackupInstance (0ms)
			ReleaseScriptingObjects (0ms)
			CreateAndSetChildDomain (1ms)
		EndReloadAssembly (342ms)
			LoadAssemblies (42ms)
			RebuildTransferFunctionScriptingTraits (0ms)
			SetupTypeCache (117ms)
			ReleaseScriptCaches (0ms)
			RebuildScriptCaches (32ms)
			SetupLoadedEditorAssemblies (136ms)
				LogAssemblyErrors (0ms)
				InitializePlatformSupportModulesInManaged (4ms)
				SetLoadedEditorAssemblies (0ms)
				RefreshPlugins (30ms)
				BeforeProcessingInitializeOnLoad (12ms)
				ProcessInitializeOnLoadAttributes (68ms)
				ProcessInitializeOnLoadMethodAttributes (22ms)
				AfterProcessingInitializeOnLoad (0ms)
				EditorAssembliesLoaded (0ms)
			ExecutionOrderSort2 (0ms)
			AwakeInstancesAfterBackupRestoration (0ms)
Platform modules already initialized, skipping
Registering precompiled user dll's ...
Registered in 0.002741 seconds.
Begin MonoManager ReloadAssembly
Native extension for WindowsStandalone target not found
Native extension for WebGL target not found
Refreshing native plugins compatible for Editor in 0.34 ms, found 2 plugins.
Preloading 0 native plugins for Editor in 0.00 ms.
Mono: successfully reloaded assembly
- Completed reload, in  0.845 seconds
Domain Reload Profiling:
	ReloadAssembly (846ms)
		BeginReloadAssembly (121ms)
			ExecutionOrderSort (0ms)
			DisableScriptedObjects (4ms)
			BackupInstance (0ms)
			ReleaseScriptingObjects (0ms)
			CreateAndSetChildDomain (16ms)
		EndReloadAssembly (673ms)
			LoadAssemblies (66ms)
			RebuildTransferFunctionScriptingTraits (0ms)
			SetupTypeCache (211ms)
			ReleaseScriptCaches (0ms)
			RebuildScriptCaches (45ms)
			SetupLoadedEditorAssemblies (270ms)
				LogAssemblyErrors (0ms)
				InitializePlatformSupportModulesInManaged (5ms)
				SetLoadedEditorAssemblies (0ms)
				RefreshPlugins (0ms)
				BeforeProcessingInitializeOnLoad (78ms)
				ProcessInitializeOnLoadAttributes (178ms)
				ProcessInitializeOnLoadMethodAttributes (3ms)
				AfterProcessingInitializeOnLoad (5ms)
				EditorAssembliesLoaded (0ms)
			ExecutionOrderSort2 (0ms)
			AwakeInstancesAfterBackupRestoration (6ms)
Platform modules already initialized, skipping
========================================================================
Worker process is ready to serve import requests
Launched and connected shader compiler UnityShaderCompiler.exe after 0.03 seconds
Refreshing native plugins compatible for Editor in 0.30 ms, found 2 plugins.
Preloading 0 native plugins for Editor in 0.00 ms.
Unloading 1396 Unused Serialized files (Serialized files now loaded: 0)
System memory in use before: 65.6 MB.
System memory in use after: 65.7 MB.

Unloading 19 unused Assets to reduce memory usage. Loaded Objects now: 1832.
Total: 1.758200 ms (FindLiveObjects: 0.161600 ms CreateObjectMapping: 0.037900 ms MarkObjects: 1.483900 ms  DeleteObjects: 0.073600 ms)

AssetImportParameters requested are different than current active one (requested -> active):
  custom:framework-win-MediaFoundation: 216162199b28c13a410421893ffa2e32 -> 
  custom:video-decoder-ogg-theora: a1e56fd34408186e4bbccfd4996cb3dc -> 
  custom:container-muxer-webm: aa71ff27fc2769a1b78a27578f13a17b -> 
  custom:container-demuxer-webm: 4f35f7cbe854078d1ac9338744f61a02 -> 
  custom:container-demuxer-ogg: 62fdf1f143b41e24485cea50d1cbac27 -> 
  custom:video-encoder-webm-vp8: eb34c28f22e8b96e1ab97ce403110664 -> 
  custom:video-decoder-webm-vp8: 9c59270c3fd7afecdb556c50c9e8de78 -> 
  custom:audio-decoder-ogg-vorbis: bf7c407c2cedff20999df2af8eb42d56 -> 
  custom:audio-encoder-webm-vorbis: bf7c407c2cedff20999df2af8eb42d56 -> 
========================================================================
Received Import Request.
  path: Assets/texture/Sky.mat
  artifactKey: Guid(0186bcc045943d44bb128eb05244d328) Importer(815301076,1909f56bfc062723c751e8b465ee728b)
Start importing Assets/texture/Sky.mat using Guid(0186bcc045943d44bb128eb05244d328) Importer(815301076,1909f56bfc062723c751e8b465ee728b)  -> (artifact id: 'b3c5b80e041a90953f325d9e279aa620') in 0.092368 seconds 
  Import took 0.094459 seconds .

========================================================================
Received Prepare
Registering precompiled user dll's ...
Registered in 0.002775 seconds.
Begin MonoManager ReloadAssembly
Native extension for WindowsStandalone target not found
Native extension for WebGL target not found
Refreshing native plugins compatible for Editor in 0.32 ms, found 2 plugins.
Preloading 0 native plugins for Editor in 0.00 ms.
Mono: successfully reloaded assembly
- Completed reload, in  0.778 seconds
Domain Reload Profiling:
	ReloadAssembly (778ms)
		BeginReloadAssembly (89ms)
			ExecutionOrderSort (0ms)
			DisableScriptedObjects (4ms)
			BackupInstance (0ms)
			ReleaseScriptingObjects (0ms)
			CreateAndSetChildDomain (26ms)
		EndReloadAssembly (637ms)
			LoadAssemblies (64ms)
			RebuildTransferFunctionScriptingTraits (0ms)
			SetupTypeCache (205ms)
			ReleaseScriptCaches (1ms)
			RebuildScriptCaches (39ms)
			SetupLoadedEditorAssemblies (246ms)
				LogAssemblyErrors (0ms)
				InitializePlatformSupportModulesInManaged (5ms)
				SetLoadedEditorAssemblies (0ms)
				RefreshPlugins (0ms)
				BeforeProcessingInitializeOnLoad (69ms)
				ProcessInitializeOnLoadAttributes (162ms)
				ProcessInitializeOnLoadMethodAttributes (4ms)
				AfterProcessingInitializeOnLoad (5ms)
				EditorAssembliesLoaded (0ms)
			ExecutionOrderSort2 (0ms)
			AwakeInstancesAfterBackupRestoration (5ms)
Platform modules already initialized, skipping
Refreshing native plugins compatible for Editor in 0.31 ms, found 2 plugins.
Preloading 0 native plugins for Editor in 0.00 ms.
Unloading 1391 Unused Serialized files (Serialized files now loaded: 0)
System memory in use before: 68.9 MB.
System memory in use after: 68.9 MB.

Unloading 14 unused Assets to reduce memory usage. Loaded Objects now: 1875.
Total: 1.798000 ms (FindLiveObjects: 0.155100 ms CreateObjectMapping: 0.030700 ms MarkObjects: 1.566400 ms  DeleteObjects: 0.044800 ms)

AssetImportParameters requested are different than current active one (requested -> active):
  custom:framework-win-MediaFoundation: 216162199b28c13a410421893ffa2e32 -> 
  custom:video-decoder-ogg-theora: a1e56fd34408186e4bbccfd4996cb3dc -> 
  custom:container-muxer-webm: aa71ff27fc2769a1b78a27578f13a17b -> 
  custom:container-demuxer-webm: 4f35f7cbe854078d1ac9338744f61a02 -> 
  custom:container-demuxer-ogg: 62fdf1f143b41e24485cea50d1cbac27 -> 
  custom:video-encoder-webm-vp8: eb34c28f22e8b96e1ab97ce403110664 -> 
  custom:video-decoder-webm-vp8: 9c59270c3fd7afecdb556c50c9e8de78 -> 
  custom:audio-decoder-ogg-vorbis: bf7c407c2cedff20999df2af8eb42d56 -> 
  custom:audio-encoder-webm-vorbis: bf7c407c2cedff20999df2af8eb42d56 -> 
========================================================================
Received Import Request.
  Time since last request: 329.018371 seconds.
  path: Assets/Prefab
  artifactKey: Guid(48446c67a2aa2df4b8c1d97ca82ba1f8) Importer(815301076,1909f56bfc062723c751e8b465ee728b)
Start importing Assets/Prefab using Guid(48446c67a2aa2df4b8c1d97ca82ba1f8) Importer(815301076,1909f56bfc062723c751e8b465ee728b)  -> (artifact id: 'eaf2f13f1f7708cd04108ccb80efc68a') in 0.007180 seconds 
  Import took 0.011691 seconds .

========================================================================
Received Import Request.
  Time since last request: 3.231472 seconds.
  path: Assets/Prefabs
  artifactKey: Guid(48446c67a2aa2df4b8c1d97ca82ba1f8) Importer(815301076,1909f56bfc062723c751e8b465ee728b)
Start importing Assets/Prefabs using Guid(48446c67a2aa2df4b8c1d97ca82ba1f8) Importer(815301076,1909f56bfc062723c751e8b465ee728b)  -> (artifact id: '6dc65de712d13de0de45d110d53db900') in 0.005801 seconds 
  Import took 0.008052 seconds .

========================================================================
Received Import Request.
  Time since last request: 824.072629 seconds.
  path: Assets/script/EnemyPattern.cs
  artifactKey: Guid(7b3141dce9a646340b388de636fbbe45) Importer(815301076,1909f56bfc062723c751e8b465ee728b)
Start importing Assets/script/EnemyPattern.cs using Guid(7b3141dce9a646340b388de636fbbe45) Importer(815301076,1909f56bfc062723c751e8b465ee728b)  -> (artifact id: 'c09726e91d15db743f5ce0d6896b8ce9') in 0.008218 seconds 
  Import took 0.010494 seconds .

========================================================================
Received Import Request.
  Time since last request: 0.021784 seconds.
  path: Assets/script/EnemyPattern.cs
  artifactKey: Guid(7b3141dce9a646340b388de636fbbe45) Importer(815301076,1909f56bfc062723c751e8b465ee728b)
Start importing Assets/script/EnemyPattern.cs using Guid(7b3141dce9a646340b388de636fbbe45) Importer(815301076,1909f56bfc062723c751e8b465ee728b)  -> (artifact id: 'c09726e91d15db743f5ce0d6896b8ce9') in 0.002152 seconds 
  Import took 0.004545 seconds .

========================================================================
Received Import Request.
  Time since last request: 265.257233 seconds.
  path: Assets/Characters/DogKnight/Texture/Materials/Albedo.mat
  artifactKey: Guid(01b206f3298f79546bc334467f7eab55) Importer(815301076,1909f56bfc062723c751e8b465ee728b)
Start importing Assets/Characters/DogKnight/Texture/Materials/Albedo.mat using Guid(01b206f3298f79546bc334467f7eab55) Importer(815301076,1909f56bfc062723c751e8b465ee728b)  -> (artifact id: 'fef91cc3cdac5292c8b37d039d86967f') in 0.093315 seconds 
  Import took 0.095713 seconds .

========================================================================
Received Import Request.
  Time since last request: 0.000214 seconds.
  path: Assets/Characters/DogKnight/Texture/Materials/MS.mat
  artifactKey: Guid(9b2fd60eb4715244f9727a41a4a3375d) Importer(815301076,1909f56bfc062723c751e8b465ee728b)
Start importing Assets/Characters/DogKnight/Texture/Materials/MS.mat using Guid(9b2fd60eb4715244f9727a41a4a3375d) Importer(815301076,1909f56bfc062723c751e8b465ee728b)  -> (artifact id: 'eba3969fc458ec69f876a4ed86631846') in 0.023988 seconds 
  Import took 0.025863 seconds .

========================================================================
Received Import Request.
  Time since last request: 0.000206 seconds.
  path: Assets/texture/Materials/Nebula Aqua-Pink.mat
  artifactKey: Guid(e811dbc2acbbe1c43a45720b17e7de94) Importer(815301076,1909f56bfc062723c751e8b465ee728b)
Start importing Assets/texture/Materials/Nebula Aqua-Pink.mat using Guid(e811dbc2acbbe1c43a45720b17e7de94) Importer(815301076,1909f56bfc062723c751e8b465ee728b)  -> (artifact id: '55f62dc615cce59240a587b17e624677') in 0.012412 seconds 
  Import took 0.014611 seconds .

========================================================================
Received Import Request.
  Time since last request: 0.000201 seconds.
  path: Assets/Characters/DogKnight/Texture/Materials/AO.mat
  artifactKey: Guid(35251f514490adf44bd84e48644e8ea1) Importer(815301076,1909f56bfc062723c751e8b465ee728b)
Start importing Assets/Characters/DogKnight/Texture/Materials/AO.mat using Guid(35251f514490adf44bd84e48644e8ea1) Importer(815301076,1909f56bfc062723c751e8b465ee728b)  -> (artifact id: '44e995ae3efb0c025b4ee7f8a8176274') in 0.024119 seconds 
  Import took 0.026550 seconds .

========================================================================
Received Import Request.
  Time since last request: 0.000219 seconds.
  path: Assets/texture/Materials/Nebula Red.mat
  artifactKey: Guid(91dbda47b67634548b0de904af255e50) Importer(815301076,1909f56bfc062723c751e8b465ee728b)
Start importing Assets/texture/Materials/Nebula Red.mat using Guid(91dbda47b67634548b0de904af255e50) Importer(815301076,1909f56bfc062723c751e8b465ee728b)  -> (artifact id: '49c89d96a13b841bcd0a8666d5fbd698') in 0.029395 seconds 
  Import took 0.032634 seconds .

========================================================================
Received Import Request.
  Time since last request: 0.000217 seconds.
  path: Assets/Characters/wizard/Materials/ground_for demo.mat
  artifactKey: Guid(d584889588f2b6840a6b076aa0a1d663) Importer(815301076,1909f56bfc062723c751e8b465ee728b)
Start importing Assets/Characters/wizard/Materials/ground_for demo.mat using Guid(d584889588f2b6840a6b076aa0a1d663) Importer(815301076,1909f56bfc062723c751e8b465ee728b)  -> (artifact id: '14606898cc8f2626a5f49ece161d819a') in 0.091944 seconds 
  Import took 0.093842 seconds .

========================================================================
Received Import Request.
  Time since last request: 0.000234 seconds.
  path: Assets/Characters/wizard/Materials/b370810309dc2f441f64e06f5c88ebb8.mat
  artifactKey: Guid(406c86ba6ccae16499012f2349de7b47) Importer(815301076,1909f56bfc062723c751e8b465ee728b)
Start importing Assets/Characters/wizard/Materials/b370810309dc2f441f64e06f5c88ebb8.mat using Guid(406c86ba6ccae16499012f2349de7b47) Importer(815301076,1909f56bfc062723c751e8b465ee728b)  -> (artifact id: '003366a501d5271aec6f8877cc58fd01') in 0.021643 seconds 
  Import took 0.023879 seconds .

========================================================================
Received Import Request.
  Time since last request: 0.000186 seconds.
  path: Assets/Characters/DogKnight/Texture/Materials/Albedo.mat
  artifactKey: Guid(01b206f3298f79546bc334467f7eab55) Importer(815301076,1909f56bfc062723c751e8b465ee728b)
Start importing Assets/Characters/DogKnight/Texture/Materials/Albedo.mat using Guid(01b206f3298f79546bc334467f7eab55) Importer(815301076,1909f56bfc062723c751e8b465ee728b)  -> (artifact id: 'fef91cc3cdac5292c8b37d039d86967f') in 0.012907 seconds 
  Import took 0.015047 seconds .

========================================================================
Received Import Request.
  Time since last request: 0.000179 seconds.
  path: Assets/Characters/DogKnight/Texture/Materials/Normal.mat
  artifactKey: Guid(e1e39b76e4af0554cb6f851d942ae24a) Importer(815301076,1909f56bfc062723c751e8b465ee728b)
Start importing Assets/Characters/DogKnight/Texture/Materials/Normal.mat using Guid(e1e39b76e4af0554cb6f851d942ae24a) Importer(815301076,1909f56bfc062723c751e8b465ee728b)  -> (artifact id: '059b1f7830938bcae0b5c198a3d0a7d4') in 0.026264 seconds 
  Import took 0.028831 seconds .

========================================================================
Received Import Request.
  Time since last request: 2.158134 seconds.
  path: Assets/Characters/wizard/Environment/Effects/Particle_blood_01_Alpha.mat
  artifactKey: Guid(e18bab3442706a24b9b613bd375c7e69) Importer(815301076,1909f56bfc062723c751e8b465ee728b)
Start importing Assets/Characters/wizard/Environment/Effects/Particle_blood_01_Alpha.mat using Guid(e18bab3442706a24b9b613bd375c7e69) Importer(815301076,1909f56bfc062723c751e8b465ee728b)  -> (artifact id: 'bc6dba4d75e8faaeb704f64eb8ca6090') in 0.025049 seconds 
  Import took 0.027427 seconds .

========================================================================
Received Import Request.
  Time since last request: 0.000179 seconds.
  path: Assets/Characters/wizard/Environment/Effects/Particle_blood_02_Alpha.mat
  artifactKey: Guid(8df536c8e1a8ec442b182ae52190aa5b) Importer(815301076,1909f56bfc062723c751e8b465ee728b)
Start importing Assets/Characters/wizard/Environment/Effects/Particle_blood_02_Alpha.mat using Guid(8df536c8e1a8ec442b182ae52190aa5b) Importer(815301076,1909f56bfc062723c751e8b465ee728b)  -> (artifact id: 'b07d241b2f9db10b2b9e8d7d5651fd1c') in 0.010134 seconds 
  Import took 0.012069 seconds .

========================================================================
Received Import Request.
  Time since last request: 0.088981 seconds.
  path: Assets/Characters/wizard/Environment/Effects/Particle_blood_03_Alpha.mat
  artifactKey: Guid(b5f097608a387224fbb55e0a833df0c5) Importer(815301076,1909f56bfc062723c751e8b465ee728b)
Start importing Assets/Characters/wizard/Environment/Effects/Particle_blood_03_Alpha.mat using Guid(b5f097608a387224fbb55e0a833df0c5) Importer(815301076,1909f56bfc062723c751e8b465ee728b)  -> (artifact id: '01f96248bfebbb8c05c2d33c9681b7b1') in 0.009898 seconds 
  Import took 0.012223 seconds .

========================================================================
Received Import Request.
  Time since last request: 0.000238 seconds.
  path: Assets/Characters/wizard/Environment/Effects/particle_exp_tick_01_Add.mat
  artifactKey: Guid(d49d2c98cd49c104eaeaadc5d00dded2) Importer(815301076,1909f56bfc062723c751e8b465ee728b)
Start importing Assets/Characters/wizard/Environment/Effects/particle_exp_tick_01_Add.mat using Guid(d49d2c98cd49c104eaeaadc5d00dded2) Importer(815301076,1909f56bfc062723c751e8b465ee728b)  -> (artifact id: 'faa7c344a45b429546cd6da4a169a888') in 0.011901 seconds 
  Import took 0.014125 seconds .

========================================================================
Received Import Request.
  Time since last request: 0.000196 seconds.
  path: Assets/Characters/wizard/Environment/Effects/Particle_blood_03_Alpha.mat
  artifactKey: Guid(b5f097608a387224fbb55e0a833df0c5) Importer(815301076,1909f56bfc062723c751e8b465ee728b)
Start importing Assets/Characters/wizard/Environment/Effects/Particle_blood_03_Alpha.mat using Guid(b5f097608a387224fbb55e0a833df0c5) Importer(815301076,1909f56bfc062723c751e8b465ee728b)  -> (artifact id: '01f96248bfebbb8c05c2d33c9681b7b1') in 0.006814 seconds 
  Import took 0.008950 seconds .

========================================================================
Received Import Request.
  Time since last request: 0.000210 seconds.
  path: Assets/Characters/wizard/Environment/Effects/Particle_fire_Add.mat
  artifactKey: Guid(d6d562baf3ca3e544b73c801585be991) Importer(815301076,1909f56bfc062723c751e8b465ee728b)
Start importing Assets/Characters/wizard/Environment/Effects/Particle_fire_Add.mat using Guid(d6d562baf3ca3e544b73c801585be991) Importer(815301076,1909f56bfc062723c751e8b465ee728b)  -> (artifact id: '1942f4a406ed76dd0c2298dab559eabb') in 0.010507 seconds 
  Import took 0.012653 seconds .

========================================================================
Received Import Request.
  Time since last request: 0.000228 seconds.
  path: Assets/Characters/wizard/Environment/Effects/Particle_glow_Add.mat
  artifactKey: Guid(845cc81e82a686f4089b2eb9f2b6018c) Importer(815301076,1909f56bfc062723c751e8b465ee728b)
Start importing Assets/Characters/wizard/Environment/Effects/Particle_glow_Add.mat using Guid(845cc81e82a686f4089b2eb9f2b6018c) Importer(815301076,1909f56bfc062723c751e8b465ee728b)  -> (artifact id: '8912d138978fdfe5c5061fc356e5a578') in 0.010835 seconds 
  Import took 0.013011 seconds .

========================================================================
Received Import Request.
  Time since last request: 0.279868 seconds.
  path: Assets/Characters/wizard/Environment/Effects/Particle_scratch_Alpha.mat
  artifactKey: Guid(4d931d49490a1cf42b832cdda0fbd31e) Importer(815301076,1909f56bfc062723c751e8b465ee728b)
Start importing Assets/Characters/wizard/Environment/Effects/Particle_scratch_Alpha.mat using Guid(4d931d49490a1cf42b832cdda0fbd31e) Importer(815301076,1909f56bfc062723c751e8b465ee728b)  -> (artifact id: '985be184da5c70bf77dd62f2593ba05a') in 0.019127 seconds 
  Import took 0.021462 seconds .

========================================================================
Received Import Request.
  Time since last request: 0.000180 seconds.
  path: Assets/Characters/DogKnight/Material/Polyart.mat
  artifactKey: Guid(421140039854e8c42938a8cb73d3480c) Importer(815301076,1909f56bfc062723c751e8b465ee728b)
Start importing Assets/Characters/DogKnight/Material/Polyart.mat using Guid(421140039854e8c42938a8cb73d3480c) Importer(815301076,1909f56bfc062723c751e8b465ee728b)  -> (artifact id: '69a0572b6aaaf72fbb5c79e5d71301f5') in 0.011216 seconds 
  Import took 0.013439 seconds .

========================================================================
Received Import Request.
  Time since last request: 0.000195 seconds.
  path: Assets/Characters/DogKnight/Material/PBR.mat
  artifactKey: Guid(da05e49adf02c134f88f541992ee78d2) Importer(815301076,1909f56bfc062723c751e8b465ee728b)
Start importing Assets/Characters/DogKnight/Material/PBR.mat using Guid(da05e49adf02c134f88f541992ee78d2) Importer(815301076,1909f56bfc062723c751e8b465ee728b)  -> (artifact id: '680745105f55a39b90f4ad15c78466cd') in 0.028958 seconds 
  Import took 0.031601 seconds .

========================================================================
Received Import Request.
  Time since last request: 0.000187 seconds.
  path: Assets/Characters/wizard/Environment/Effects/Particle_scratch_Alpha.mat
  artifactKey: Guid(4d931d49490a1cf42b832cdda0fbd31e) Importer(815301076,1909f56bfc062723c751e8b465ee728b)
Start importing Assets/Characters/wizard/Environment/Effects/Particle_scratch_Alpha.mat using Guid(4d931d49490a1cf42b832cdda0fbd31e) Importer(815301076,1909f56bfc062723c751e8b465ee728b)  -> (artifact id: '985be184da5c70bf77dd62f2593ba05a') in 0.006407 seconds 
  Import took 0.008337 seconds .

========================================================================
Received Import Request.
  Time since last request: 0.000158 seconds.
  path: Assets/Characters/DogKnight/Material/Skybox_Mat.mat
  artifactKey: Guid(5f62bea3b5185c2488588e50d05df87f) Importer(815301076,1909f56bfc062723c751e8b465ee728b)
Start importing Assets/Characters/DogKnight/Material/Skybox_Mat.mat using Guid(5f62bea3b5185c2488588e50d05df87f) Importer(815301076,1909f56bfc062723c751e8b465ee728b)  -> (artifact id: 'be21d65dd895e5b909560a6e3978962f') in 0.011095 seconds 
  Import took 0.013456 seconds .

========================================================================
Received Import Request.
  Time since last request: 0.000213 seconds.
  path: Assets/Characters/wizard/Environment/Effects/Particle_smog_02_Alpha.mat
  artifactKey: Guid(0c1f1ff92ac55b14f94986b8416d3d00) Importer(815301076,1909f56bfc062723c751e8b465ee728b)
Start importing Assets/Characters/wizard/Environment/Effects/Particle_smog_02_Alpha.mat using Guid(0c1f1ff92ac55b14f94986b8416d3d00) Importer(815301076,1909f56bfc062723c751e8b465ee728b)  -> (artifact id: '2ab8c6f93fb2e78bebbb55a7b48d9772') in 0.009895 seconds 
  Import took 0.011805 seconds .

========================================================================
Received Import Request.
  Time since last request: 0.000176 seconds.
  path: Assets/Characters/DogKnight/Material/Stage.mat
  artifactKey: Guid(4cafe8a18bb8d2a4794bfd7693442026) Importer(815301076,1909f56bfc062723c751e8b465ee728b)
Start importing Assets/Characters/DogKnight/Material/Stage.mat using Guid(4cafe8a18bb8d2a4794bfd7693442026) Importer(815301076,1909f56bfc062723c751e8b465ee728b)  -> (artifact id: '90c1573dd5681aa9c7a4f95d8e2cbc5e') in 0.013550 seconds 
  Import took 0.015451 seconds .

========================================================================
Received Import Request.
  Time since last request: 0.000234 seconds.
  path: Assets/Characters/DogKnight/Texture/Materials/StandardAlbedo.mat
  artifactKey: Guid(b32b6873d47f1554bb1bd009184ea67e) Importer(815301076,1909f56bfc062723c751e8b465ee728b)
Start importing Assets/Characters/DogKnight/Texture/Materials/StandardAlbedo.mat using Guid(b32b6873d47f1554bb1bd009184ea67e) Importer(815301076,1909f56bfc062723c751e8b465ee728b)  -> (artifact id: 'f1ef518a56c383379903e2c1c271b21e') in 0.014091 seconds 
  Import took 0.016263 seconds .

========================================================================
Received Import Request.
  Time since last request: 0.000285 seconds.
  path: Assets/Characters/wizard/Materials/wizard_addon_head_01 DEMO.mat
  artifactKey: Guid(1ad4378e58356014881c80cd15757bb0) Importer(815301076,1909f56bfc062723c751e8b465ee728b)
Start importing Assets/Characters/wizard/Materials/wizard_addon_head_01 DEMO.mat using Guid(1ad4378e58356014881c80cd15757bb0) Importer(815301076,1909f56bfc062723c751e8b465ee728b)  -> (artifact id: 'b1e76c57ca1cfe2cf03783f1fab6ddec') in 0.038770 seconds 
  Import took 0.043407 seconds .

========================================================================
Received Import Request.
  Time since last request: 0.000186 seconds.
  path: Assets/Characters/DogKnight/Material/Stage.mat
  artifactKey: Guid(4cafe8a18bb8d2a4794bfd7693442026) Importer(815301076,1909f56bfc062723c751e8b465ee728b)
Start importing Assets/Characters/DogKnight/Material/Stage.mat using Guid(4cafe8a18bb8d2a4794bfd7693442026) Importer(815301076,1909f56bfc062723c751e8b465ee728b)  -> (artifact id: '90c1573dd5681aa9c7a4f95d8e2cbc5e') in 0.006131 seconds 
  Import took 0.008108 seconds .

========================================================================
Received Import Request.
  Time since last request: 0.000208 seconds.
  path: Assets/Characters/wizard/Materials/wizard_01 DEMO.mat
  artifactKey: Guid(b7ce918c50194e646a4579e55b19af86) Importer(815301076,1909f56bfc062723c751e8b465ee728b)
Start importing Assets/Characters/wizard/Materials/wizard_01 DEMO.mat using Guid(b7ce918c50194e646a4579e55b19af86) Importer(815301076,1909f56bfc062723c751e8b465ee728b)  -> (artifact id: 'a7c8c3b5f9abb73e9c31203daf60efff') in 0.037210 seconds 
  Import took 0.041542 seconds .

========================================================================
Received Import Request.
  Time since last request: 0.000175 seconds.
  path: Assets/Characters/DogKnight/Material/Skybox_Mat.mat
  artifactKey: Guid(5f62bea3b5185c2488588e50d05df87f) Importer(815301076,1909f56bfc062723c751e8b465ee728b)
Start importing Assets/Characters/DogKnight/Material/Skybox_Mat.mat using Guid(5f62bea3b5185c2488588e50d05df87f) Importer(815301076,1909f56bfc062723c751e8b465ee728b)  -> (artifact id: 'be21d65dd895e5b909560a6e3978962f') in 0.009270 seconds 
  Import took 0.011534 seconds .

========================================================================
Received Import Request.
  Time since last request: 0.000182 seconds.
  path: Assets/Characters/wizard/Materials/wizard_weapon_01 DEMO.mat
  artifactKey: Guid(a267b501b822a7a4d8ad643ea81e410a) Importer(815301076,1909f56bfc062723c751e8b465ee728b)
Start importing Assets/Characters/wizard/Materials/wizard_weapon_01 DEMO.mat using Guid(a267b501b822a7a4d8ad643ea81e410a) Importer(815301076,1909f56bfc062723c751e8b465ee728b)  -> (artifact id: 'dc6cb263dd79d1e2936f34e94b5c05c5') in 0.061362 seconds 
  Import took 0.065546 seconds .

========================================================================
Received Import Request.
  Time since last request: 445.857551 seconds.
  path: Assets/Prefabs/CosmicArtifice.prefab
  artifactKey: Guid(ba1b4b4598d13cc4e983b254406d2485) Importer(815301076,1909f56bfc062723c751e8b465ee728b)
Start importing Assets/Prefabs/CosmicArtifice.prefab using Guid(ba1b4b4598d13cc4e983b254406d2485) Importer(815301076,1909f56bfc062723c751e8b465ee728b)  -> (artifact id: '2b7ddacec0b019a8c51e182b8334537d') in 0.023653 seconds 
  Import took 0.026229 seconds .

========================================================================
Received Import Request.
  Time since last request: 3.682545 seconds.
  path: Assets/Prefabs/CosmicArtifice.prefab
  artifactKey: Guid(ba1b4b4598d13cc4e983b254406d2485) Importer(815301076,1909f56bfc062723c751e8b465ee728b)
Start importing Assets/Prefabs/CosmicArtifice.prefab using Guid(ba1b4b4598d13cc4e983b254406d2485) Importer(815301076,1909f56bfc062723c751e8b465ee728b)  -> (artifact id: 'd306891be9b752c9cf0e70ea71fcf913') in 0.007726 seconds 
  Import took 0.010302 seconds .

========================================================================
Received Import Request.
  Time since last request: 0.006311 seconds.
  path: Assets/Prefabs/CosmicArtifice.prefab
  artifactKey: Guid(ba1b4b4598d13cc4e983b254406d2485) Importer(815301076,1909f56bfc062723c751e8b465ee728b)
Start importing Assets/Prefabs/CosmicArtifice.prefab using Guid(ba1b4b4598d13cc4e983b254406d2485) Importer(815301076,1909f56bfc062723c751e8b465ee728b)  -> (artifact id: 'd306891be9b752c9cf0e70ea71fcf913') in 0.008307 seconds 
  Import took 0.010538 seconds .

========================================================================
Received Import Request.
  Time since last request: 0.364360 seconds.
  path: Assets/Prefabs/CosmicArtifice.prefab
  artifactKey: Guid(ba1b4b4598d13cc4e983b254406d2485) Importer(815301076,1909f56bfc062723c751e8b465ee728b)
Start importing Assets/Prefabs/CosmicArtifice.prefab using Guid(ba1b4b4598d13cc4e983b254406d2485) Importer(815301076,1909f56bfc062723c751e8b465ee728b)  -> (artifact id: '2c0cc4a51747d804c4607d232f305642') in 0.007697 seconds 
  Import took 0.010107 seconds .

========================================================================
Received Import Request.
  Time since last request: 0.005342 seconds.
  path: Assets/Prefabs/CosmicArtifice.prefab
  artifactKey: Guid(ba1b4b4598d13cc4e983b254406d2485) Importer(815301076,1909f56bfc062723c751e8b465ee728b)
Start importing Assets/Prefabs/CosmicArtifice.prefab using Guid(ba1b4b4598d13cc4e983b254406d2485) Importer(815301076,1909f56bfc062723c751e8b465ee728b)  -> (artifact id: '2c0cc4a51747d804c4607d232f305642') in 0.007643 seconds 
  Import took 0.009926 seconds .

========================================================================
Received Import Request.
  Time since last request: 0.591151 seconds.
  path: Assets/Prefabs/CosmicArtifice.prefab
  artifactKey: Guid(ba1b4b4598d13cc4e983b254406d2485) Importer(815301076,1909f56bfc062723c751e8b465ee728b)
Start importing Assets/Prefabs/CosmicArtifice.prefab using Guid(ba1b4b4598d13cc4e983b254406d2485) Importer(815301076,1909f56bfc062723c751e8b465ee728b)  -> (artifact id: '8ee76fc8f022e164f5cde7637af52e09') in 0.008988 seconds 
  Import took 0.011575 seconds .

========================================================================
Received Import Request.
  Time since last request: 0.006315 seconds.
  path: Assets/Prefabs/CosmicArtifice.prefab
  artifactKey: Guid(ba1b4b4598d13cc4e983b254406d2485) Importer(815301076,1909f56bfc062723c751e8b465ee728b)
Start importing Assets/Prefabs/CosmicArtifice.prefab using Guid(ba1b4b4598d13cc4e983b254406d2485) Importer(815301076,1909f56bfc062723c751e8b465ee728b)  -> (artifact id: '8ee76fc8f022e164f5cde7637af52e09') in 0.007553 seconds 
  Import took 0.009780 seconds .

========================================================================
Received Prepare
Registering precompiled user dll's ...
Registered in 0.002775 seconds.
Begin MonoManager ReloadAssembly
Native extension for WindowsStandalone target not found
Native extension for WebGL target not found
Refreshing native plugins compatible for Editor in 0.32 ms, found 2 plugins.
Preloading 0 native plugins for Editor in 0.00 ms.
Mono: successfully reloaded assembly
- Completed reload, in  0.818 seconds
Domain Reload Profiling:
	ReloadAssembly (818ms)
		BeginReloadAssembly (103ms)
			ExecutionOrderSort (0ms)
			DisableScriptedObjects (4ms)
			BackupInstance (0ms)
			ReleaseScriptingObjects (0ms)
			CreateAndSetChildDomain (28ms)
		EndReloadAssembly (661ms)
			LoadAssemblies (68ms)
			RebuildTransferFunctionScriptingTraits (0ms)
			SetupTypeCache (216ms)
			ReleaseScriptCaches (1ms)
			RebuildScriptCaches (41ms)
			SetupLoadedEditorAssemblies (252ms)
				LogAssemblyErrors (0ms)
				InitializePlatformSupportModulesInManaged (5ms)
				SetLoadedEditorAssemblies (0ms)
				RefreshPlugins (0ms)
				BeforeProcessingInitializeOnLoad (69ms)
				ProcessInitializeOnLoadAttributes (168ms)
				ProcessInitializeOnLoadMethodAttributes (3ms)
				AfterProcessingInitializeOnLoad (6ms)
				EditorAssembliesLoaded (0ms)
			ExecutionOrderSort2 (0ms)
			AwakeInstancesAfterBackupRestoration (5ms)
Platform modules already initialized, skipping
Refreshing native plugins compatible for Editor in 0.32 ms, found 2 plugins.
Preloading 0 native plugins for Editor in 0.00 ms.
Unloading 1391 Unused Serialized files (Serialized files now loaded: 0)
System memory in use before: 69.1 MB.
System memory in use after: 69.1 MB.

Unloading 14 unused Assets to reduce memory usage. Loaded Objects now: 1881.
Total: 1.651300 ms (FindLiveObjects: 0.159500 ms CreateObjectMapping: 0.032500 ms MarkObjects: 1.411900 ms  DeleteObjects: 0.046500 ms)

AssetImportParameters requested are different than current active one (requested -> active):
  custom:framework-win-MediaFoundation: 216162199b28c13a410421893ffa2e32 -> 
  custom:video-decoder-ogg-theora: a1e56fd34408186e4bbccfd4996cb3dc -> 
  custom:container-muxer-webm: aa71ff27fc2769a1b78a27578f13a17b -> 
  custom:container-demuxer-webm: 4f35f7cbe854078d1ac9338744f61a02 -> 
  custom:container-demuxer-ogg: 62fdf1f143b41e24485cea50d1cbac27 -> 
  custom:video-encoder-webm-vp8: eb34c28f22e8b96e1ab97ce403110664 -> 
  custom:video-decoder-webm-vp8: 9c59270c3fd7afecdb556c50c9e8de78 -> 
  custom:audio-decoder-ogg-vorbis: bf7c407c2cedff20999df2af8eb42d56 -> 
  custom:audio-encoder-webm-vorbis: bf7c407c2cedff20999df2af8eb42d56 -> 
AssetImportWorkerClient::OnTransportError - code=2 error=End of file
